<?xml version="1.0" encoding="UTF-8"?>
<!-- Generated by org.testng.reporters.JUnitXMLReporter -->
<testsuite ignored="0" hostname="DESKTOP-1RI25CF" failures="1" tests="2" name="Test(failed)" time="106.71" errors="0" timestamp="2025-01-26T06:08:18 IST">
  <testcase classname="testCases.TC003_Login_DataDriven_Test" name="verify_LoginDDT" time="8.141">
    <failure type="java.lang.IllegalArgumentException" message="Keys to send should be a not null CharSequence">
      <![CDATA[java.lang.IllegalArgumentException: Keys to send should be a not null CharSequence
at org.openqa.selenium.remote.RemoteWebElement.sendKeys(RemoteWebElement.java:96)
at org.openqa.selenium.support.pagefactory.internal.LocatingElementHandler.invoke(LocatingElementHandler.java:51)
at jdk.proxy2/jdk.proxy2.$Proxy31.sendKeys(Unknown Source)
at pageObjects.LoginPage.setTxtusername(LoginPage.java:23)
at testCases.TC003_Login_DataDriven_Test.verify_LoginDDT(TC003_Login_DataDriven_Test.java:29)
at java.base/java.util.ArrayList.forEach(ArrayList.java:1597)
... Removed 27 stack frames]]>
    </failure>
  </testcase> <!-- verify_LoginDDT -->
  <testcase classname="testCases.TC002_LoginTest" name="verify_Login" time="10.934"/>
</testsuite> <!-- Test(failed) -->
