<?xml version="1.0" encoding="UTF-8"?>
<testsuite xmlns:xsi="http://www.w3.org/2001/XMLSchema-instance" xsi:noNamespaceSchemaLocation="https://maven.apache.org/surefire/maven-surefire-plugin/xsd/surefire-test-report.xsd" version="3.0.2" name="TestSuite" time="163.574" tests="7" errors="0" skipped="0" failures="1">
  <properties>
[...]
</properties>
  <testcase name="verify_account_registration" classname="testCases.TC001_AccountRegistrationTest" time="31.52">
    <system-out><![CDATA[2025-04-21T11:05:48.234744400Z main DEBUG Apache Log4j Core 2.24 initializing configuration XmlConfiguration[location=C:\Users\venka\eclipse-workspace\com.opencart\target\test-classes\log4j2.xml, lastModified=2025-01-04T07:59:37.429Z]
2025-04-21T11:05:48.246772300Z main DEBUG PluginManager 'Core' found 131 plugins
2025-04-21T11:05:48.247734300Z main DEBUG PluginManager 'Level' found 0 plugins
2025-04-21T11:05:48.296747900Z main DEBUG Building Plugin[name=Property, class=org.apache.logging.log4j.core.config.Property].
2025-04-21T11:05:48.517936400Z main TRACE TypeConverterRegistry initializing.
2025-04-21T11:05:48.517936400Z main DEBUG PluginManager 'TypeConverter' found 26 plugins
2025-04-21T11:05:48.967491200Z main DEBUG createProperty(name="basePath", value="./logs", Configuration(C:\Users\venka\eclipse-workspace\com.opencart\target\test-classes\log4j2.xml))
2025-04-21T11:05:48.969493900Z main DEBUG Building Plugin[name=Properties, class=org.apache.logging.log4j.core.config.PropertiesPlugin].
2025-04-21T11:05:49.207481600Z main DEBUG configureSubstitutor(={basePath=./logs}, Configuration(C:\Users\venka\eclipse-workspace\com.opencart\target\test-classes\log4j2.xml))
2025-04-21T11:05:49.222486100Z main DEBUG PluginManager 'Lookup' found 16 plugins
2025-04-21T11:05:49.232520300Z main DEBUG Building Plugin[name=layout, class=org.apache.logging.log4j.core.layout.PatternLayout].
2025-04-21T11:05:49.581670500Z main DEBUG PatternLayout$Builder(pattern="%d{HH:mm:ss.SSS} [%t] %-5level %logger{36} - %msg%n", PatternSelector=null, Configuration(C:\Users\venka\eclipse-workspace\com.opencart\target\test-classes\log4j2.xml), Replace=null, charset="null", alwaysWriteExceptions="null", disableAnsi="null", noConsoleNoAnsi="null", header="null", footer="null")
2025-04-21T11:05:49.582671700Z main DEBUG PluginManager 'Converter' found 45 plugins
2025-04-21T11:05:49.586672700Z main DEBUG Building Plugin[name=appender, class=org.apache.logging.log4j.core.appender.ConsoleAppender].
2025-04-21T11:05:49.919672900Z main DEBUG ConsoleAppender$Builder(target="SYSTEM_OUT", follow="null", direct="null", bufferedIo="null", bufferSize="null", immediateFlush="null", ignoreExceptions="null", PatternLayout(%d{HH:mm:ss.SSS} [%t] %-5level %logger{36} - %msg%n), name="Console", Configuration(C:\Users\venka\eclipse-workspace\com.opencart\target\test-classes\log4j2.xml), Filter=null, ={})
2025-04-21T11:05:49.930673600Z main DEBUG Starting OutputStreamManager SYSTEM_OUT.false.false
2025-04-21T11:05:49.930673600Z main DEBUG Building Plugin[name=layout, class=org.apache.logging.log4j.core.layout.PatternLayout].
2025-04-21T11:05:49.942662100Z main DEBUG PatternLayout$Builder(pattern="%d{HH:mm:ss.SSS} [%t] %-5level %logger{36} - %msg%n", PatternSelector=null, Configuration(C:\Users\venka\eclipse-workspace\com.opencart\target\test-classes\log4j2.xml), Replace=null, charset="null", alwaysWriteExceptions="null", disableAnsi="null", noConsoleNoAnsi="null", header="null", footer="null")
2025-04-21T11:05:50.195025100Z main DEBUG Building Plugin[name=SizeBasedTriggeringPolicy, class=org.apache.logging.log4j.core.appender.rolling.SizeBasedTriggeringPolicy].
2025-04-21T11:05:50.201984Z main DEBUG createPolicy(size="5000")
2025-04-21T11:05:50.207987900Z main DEBUG Building Plugin[name=appender, class=org.apache.logging.log4j.core.appender.RollingFileAppender].
2025-04-21T11:05:50.217985200Z main DEBUG RollingFileAppender$Builder(fileName="./logs/automation.log", filePattern="./logs/automation-%d{yyy-MM-dd}.log", append="null", locking="null", SizeBasedTriggeringPolicy(SizeBasedTriggeringPolicy(size=5000)), Strategy=null, advertise="null", advertiseUri="null", createOnDemand="null", filePermissions="null", fileOwner="null", fileGroup="null", bufferedIo="null", bufferSize="null", immediateFlush="null", ignoreExceptions="null", PatternLayout(%d{HH:mm:ss.SSS} [%t] %-5level %logger{36} - %msg%n), name="File", Configuration(C:\Users\venka\eclipse-workspace\com.opencart\target\test-classes\log4j2.xml), Filter=null, ={})
2025-04-21T11:05:50.407134300Z main TRACE New file './logs/automation.log' created = false
2025-04-21T11:05:50.469255400Z main DEBUG Returning file creation time for C:\Users\venka\eclipse-workspace\com.opencart\.\logs\automation.log
2025-04-21T11:05:50.484248500Z main DEBUG Starting RollingFileManager ./logs/automation.log
2025-04-21T11:05:50.496285300Z main DEBUG PluginManager 'FileConverter' found 2 plugins
2025-04-21T11:05:50.929251700Z main DEBUG Setting prev file time to 2025-04-21T16:19:18.354+0530
2025-04-21T11:05:50.930255600Z main DEBUG Initializing triggering policy SizeBasedTriggeringPolicy(size=5000)
2025-04-21T11:05:50.930255600Z main DEBUG Building Plugin[name=Appenders, class=org.apache.logging.log4j.core.config.AppendersPlugin].
2025-04-21T11:05:50.931252700Z main DEBUG createAppenders(={Console, File})
2025-04-21T11:05:50.931252700Z main DEBUG Building Plugin[name=AppenderRef, class=org.apache.logging.log4j.core.config.AppenderRef].
2025-04-21T11:05:50.935255200Z main DEBUG createAppenderRef(ref="File", level="null", Filter=null)
2025-04-21T11:05:50.936258400Z main DEBUG Building Plugin[name=Root, class=org.apache.logging.log4j.core.config.LoggerConfig$RootLogger].
2025-04-21T11:05:50.946262700Z main DEBUG LoggerConfig$RootLogger$Builder(additivity="null", level="DEBUG", levelAndRefs="null", includeLocation="null", ={File}, ={}, Configuration(C:\Users\venka\eclipse-workspace\com.opencart\target\test-classes\log4j2.xml), Filter=null)
2025-04-21T11:05:50.953258400Z main DEBUG Building Plugin[name=Loggers, class=org.apache.logging.log4j.core.config.LoggersPlugin].
2025-04-21T11:05:50.956254300Z main DEBUG createLoggers(={root})
2025-04-21T11:05:50.956254300Z main DEBUG Configuration XmlConfiguration[location=C:\Users\venka\eclipse-workspace\com.opencart\target\test-classes\log4j2.xml, lastModified=2025-01-04T07:59:37.429Z] initialized
2025-04-21T11:05:50.957243600Z main INFO Starting configuration XmlConfiguration[location=C:\Users\venka\eclipse-workspace\com.opencart\target\test-classes\log4j2.xml, lastModified=2025-01-04T07:59:37.429Z]...
2025-04-21T11:05:50.959267600Z main INFO Start watching for changes to C:\Users\venka\eclipse-workspace\com.opencart\target\test-classes\log4j2.xml every 0 seconds
2025-04-21T11:05:50.960254Z main INFO Configuration XmlConfiguration[location=C:\Users\venka\eclipse-workspace\com.opencart\target\test-classes\log4j2.xml, lastModified=2025-01-04T07:59:37.429Z] started.
2025-04-21T11:05:51.121260700Z main INFO Stopping configuration org.apache.logging.log4j.core.config.DefaultConfiguration@1e6454ec...
2025-04-21T11:05:51.121260700Z main TRACE DefaultConfiguration notified 1 ReliabilityStrategies that config will be stopped.
2025-04-21T11:05:51.122258700Z main TRACE DefaultConfiguration stopping root LoggerConfig.
2025-04-21T11:05:51.122258700Z main TRACE DefaultConfiguration notifying ReliabilityStrategies that appenders will be stopped.
2025-04-21T11:05:51.123255400Z main TRACE DefaultConfiguration stopping remaining Appenders.
2025-04-21T11:05:51.124260100Z main DEBUG Shutting down OutputStreamManager SYSTEM_OUT.false.false-1
2025-04-21T11:05:51.136284600Z main DEBUG OutputStream closed
2025-04-21T11:05:51.137246800Z main DEBUG Shut down OutputStreamManager SYSTEM_OUT.false.false-1, all resources released: true
2025-04-21T11:05:51.138284Z main DEBUG Appender DefaultConsole-1 stopped with status true
2025-04-21T11:05:51.139290900Z main TRACE DefaultConfiguration stopped 1 remaining Appenders.
2025-04-21T11:05:51.145248900Z main TRACE DefaultConfiguration cleaning Appenders from 1 LoggerConfigs.
2025-04-21T11:05:51.146265400Z main INFO Configuration org.apache.logging.log4j.core.config.DefaultConfiguration@1e6454ec stopped.
2025-04-21T11:05:51.155249100Z main TRACE Using default SystemClock for timestamps.
2025-04-21T11:05:51.155249100Z main DEBUG org.apache.logging.log4j.core.util.SystemClock supports precise timestamps.
2025-04-21T11:05:51.156256600Z main TRACE Using DummyNanoClock for nanosecond timestamps.
2025-04-21T11:05:51.157240600Z main DEBUG Reconfiguration complete for context[name=30946e09] at URI C:\Users\venka\eclipse-workspace\com.opencart\target\test-classes\log4j2.xml (org.apache.logging.log4j.core.LoggerContext@5117dd67) with optional ClassLoader: null
2025-04-21T11:05:51.165263400Z main DEBUG Shutdown hook enabled. Registering a new one.
2025-04-21T11:05:51.172261900Z main DEBUG LoggerContext[name=30946e09, org.apache.logging.log4j.core.LoggerContext@5117dd67] started OK.
2025-04-21T11:05:51.971374900Z main TRACE Log4jLoggerFactory.getContext() found anchor class org.testng.log4testng.Logger
2025-04-21T11:05:54.500346700Z main TRACE Log4jLoggerFactory.getContext() found anchor class org.testng.log4testng.Logger
2025-04-21T11:05:54.639350600Z main TRACE Log4jLoggerFactory.getContext() found anchor class org.testng.log4testng.Logger
2025-04-21T11:05:56.234920500Z main TRACE Log4jLoggerFactory.getContext() found anchor class org.testng.log4testng.Logger
2025-04-21T11:05:57.080909Z main TRACE Log4jLoggerFactory.getContext() found anchor class org.testng.log4testng.Logger
2025-04-21T11:06:02.039028600Z main TRACE Log4jLoggerFactory.getContext() found anchor class org.testng.log4testng.Logger
]]></system-out>
    <system-err><![CDATA[Apr 21, 2025 4:36:17 PM org.openqa.selenium.devtools.CdpVersionFinder findNearestMatch
WARNING: Unable to find an exact match for CDP version 135, returning the closest version; found: 134; Please update to a Selenium version that supports CDP version 135
]]></system-err>
  </testcase>
  <testcase name="verify_Login" classname="testCases.TC002_LoginTest" time="3.962">
    <system-err><![CDATA[Apr 21, 2025 4:37:07 PM org.openqa.selenium.devtools.CdpVersionFinder findNearestMatch
WARNING: Unable to find an exact match for CDP version 135, returning the closest version; found: 134; Please update to a Selenium version that supports CDP version 135
]]></system-err>
  </testcase>
  <testcase name="verify_LoginDDT[venkatbala2493@gmail.com, Vere@2406, Valid](1)" classname="testCases.TC003_Login_DataDriven_Test" time="5.688">
    <system-out><![CDATA[2025-04-21T11:07:28.616657100Z main DEBUG Formatting file name. useCurrentTime=false. currentFileTime=0, prevFileTime=0
2025-04-21T11:07:28.618658500Z main DEBUG Eligible files: {}
2025-04-21T11:07:28.618658500Z main DEBUG Formatting file name. useCurrentTime=false. currentFileTime=0, prevFileTime=0
2025-04-21T11:07:28.621663700Z main TRACE DefaultRolloverStrategy.purge() took 5.0 milliseconds
2025-04-21T11:07:28.631659200Z main DEBUG OutputStream closed
2025-04-21T11:07:28.631659200Z main DEBUG RollingFileManager executing synchronous FileRenameAction[.\logs\automation.log to .\logs\automation-2025-04-21.log, renameEmptyFiles=false]
2025-04-21T11:07:28.639650400Z main TRACE Renamed file C:\Users\venka\eclipse-workspace\com.opencart\.\logs\automation.log to C:\Users\venka\eclipse-workspace\com.opencart\.\logs\automation-2025-04-21.log with Files.move
2025-04-21T11:07:28.640655900Z main DEBUG Now writing to ./logs/automation.log at 2025-04-21T16:37:28.639+0530
]]></system-out>
    <system-err><![CDATA[Apr 21, 2025 4:37:19 PM org.openqa.selenium.devtools.CdpVersionFinder findNearestMatch
WARNING: Unable to find an exact match for CDP version 135, returning the closest version; found: 134; Please update to a Selenium version that supports CDP version 135
]]></system-err>
  </testcase>
  <testcase name="verify_LoginDDT[bvenkat2@gmail.com, vere22, Invalid](2)" classname="testCases.TC003_Login_DataDriven_Test" time="16.029"/>
  <testcase name="verify_LoginDDT[renu@gmail.com, hersere6, Invalid](3)" classname="testCases.TC003_Login_DataDriven_Test" time="12.477">
    <system-out><![CDATA[2025-04-21T11:07:54.278911300Z main DEBUG Formatting file name. useCurrentTime=false. currentFileTime=0, prevFileTime=0
2025-04-21T11:07:54.279905600Z main DEBUG Eligible files: {}
2025-04-21T11:07:54.280906600Z main DEBUG Formatting file name. useCurrentTime=false. currentFileTime=0, prevFileTime=0
2025-04-21T11:07:54.280906600Z main TRACE DefaultRolloverStrategy.purge() took 2.0 milliseconds
2025-04-21T11:07:54.281917300Z main DEBUG OutputStream closed
2025-04-21T11:07:54.281917300Z main DEBUG RollingFileManager executing synchronous FileRenameAction[.\logs\automation.log to .\logs\automation-2025-04-21.log, renameEmptyFiles=false]
2025-04-21T11:07:54.286921100Z main TRACE Renamed file C:\Users\venka\eclipse-workspace\com.opencart\.\logs\automation.log to C:\Users\venka\eclipse-workspace\com.opencart\.\logs\automation-2025-04-21.log with Files.move
2025-04-21T11:07:54.287906Z main DEBUG Now writing to ./logs/automation.log at 2025-04-21T16:37:54.286+0530
]]></system-out>
  </testcase>
  <testcase name="verify_LoginDDT[java@gmail.com, dgdfge22, Invalid](4)" classname="testCases.TC003_Login_DataDriven_Test" time="12.272"/>
  <testcase name="verify_LoginDDT[null, null, null](5)" classname="testCases.TC003_Login_DataDriven_Test" time="1.583">
    <failure message="Keys to send should be a not null CharSequence" type="java.lang.IllegalArgumentException"><![CDATA[java.lang.IllegalArgumentException: Keys to send should be a not null CharSequence
	at org.openqa.selenium.remote.RemoteWebElement.sendKeys(RemoteWebElement.java:96)
	at jdk.internal.reflect.GeneratedMethodAccessor2.invoke(Unknown Source)
	at java.base/jdk.internal.reflect.DelegatingMethodAccessorImpl.invoke(DelegatingMethodAccessorImpl.java:43)
	at java.base/java.lang.reflect.Method.invoke(Method.java:566)
	at org.openqa.selenium.support.pagefactory.internal.LocatingElementHandler.invoke(LocatingElementHandler.java:51)
	at com.sun.proxy.$Proxy27.sendKeys(Unknown Source)
	at pageObjects.LoginPage.setTxtusername(LoginPage.java:23)
	at testCases.TC003_Login_DataDriven_Test.verify_LoginDDT(TC003_Login_DataDriven_Test.java:29)
	at java.base/jdk.internal.reflect.NativeMethodAccessorImpl.invoke0(Native Method)
	at java.base/jdk.internal.reflect.NativeMethodAccessorImpl.invoke(NativeMethodAccessorImpl.java:62)
	at java.base/jdk.internal.reflect.DelegatingMethodAccessorImpl.invoke(DelegatingMethodAccessorImpl.java:43)
	at java.base/java.lang.reflect.Method.invoke(Method.java:566)
	at org.testng.internal.invokers.MethodInvocationHelper.invokeMethod(MethodInvocationHelper.java:141)
	at org.testng.internal.invokers.TestInvoker.invokeMethod(TestInvoker.java:686)
	at org.testng.internal.invokers.TestInvoker.invokeTestMethod(TestInvoker.java:230)
	at org.testng.internal.invokers.MethodRunner.runInSequence(MethodRunner.java:63)
	at org.testng.internal.invokers.TestInvoker$MethodInvocationAgent.invoke(TestInvoker.java:992)
	at org.testng.internal.invokers.TestInvoker.invokeTestMethods(TestInvoker.java:203)
	at org.testng.internal.invokers.TestMethodWorker.invokeTestMethods(TestMethodWorker.java:154)
	at org.testng.internal.invokers.TestMethodWorker.run(TestMethodWorker.java:134)
	at java.base/java.util.ArrayList.forEach(ArrayList.java:1541)
	at org.testng.TestRunner.privateRun(TestRunner.java:739)
	at org.testng.TestRunner.run(TestRunner.java:614)
	at org.testng.SuiteRunner.runTest(SuiteRunner.java:421)
	at org.testng.SuiteRunner.runSequentially(SuiteRunner.java:413)
	at org.testng.SuiteRunner.privateRun(SuiteRunner.java:373)
	at org.testng.SuiteRunner.run(SuiteRunner.java:312)
	at org.testng.SuiteRunnerWorker.runSuite(SuiteRunnerWorker.java:52)
	at org.testng.SuiteRunnerWorker.run(SuiteRunnerWorker.java:95)
	at org.testng.TestNG.runSuitesSequentially(TestNG.java:1274)
	at org.testng.TestNG.runSuitesLocally(TestNG.java:1208)
	at org.testng.TestNG.runSuites(TestNG.java:1112)
	at org.testng.TestNG.run(TestNG.java:1079)
	at org.apache.maven.surefire.testng.TestNGExecutor.run(TestNGExecutor.java:308)
	at org.apache.maven.surefire.testng.TestNGXmlTestSuite.execute(TestNGXmlTestSuite.java:71)
	at org.apache.maven.surefire.testng.TestNGProvider.invoke(TestNGProvider.java:113)
	at org.apache.maven.surefire.booter.ForkedBooter.runSuitesInProcess(ForkedBooter.java:385)
	at org.apache.maven.surefire.booter.ForkedBooter.execute(ForkedBooter.java:162)
	at org.apache.maven.surefire.booter.ForkedBooter.run(ForkedBooter.java:507)
	at org.apache.maven.surefire.booter.ForkedBooter.main(ForkedBooter.java:495)
]]></failure>
  </testcase>
</testsuite>